<?xml version="1.0" encoding="UTF-8"?>
<!-- Generated by org.testng.reporters.JUnitReportReporter -->
<testsuite hostname="LOGI-LT121-T430" failures="0" tests="1" name="test.Jenkins" time="0.013" errors="0" timestamp="31 May 2018 04:31:20 GMT" skipped="0">
  <testcase classname="test.Jenkins" name="print" time="0.013"/>
</testsuite> <!-- test.Jenkins -->
